[08-Sep-2017 19:30:28 UTC] PHP Parse error:  syntax error, unexpected '(', expecting ',' or ';' in /home/ubuntu/workspace/cst336/practice/randomColor.php on line 18
[08-Sep-2017 19:30:28 UTC] PHP Parse error:  syntax error, unexpected '(', expecting ',' or ';' in /home/ubuntu/workspace/cst336/practice/randomColor.php on line 18
[08-Sep-2017 19:30:28 UTC] PHP Parse error:  syntax error, unexpected '(', expecting ',' or ';' in /home/ubuntu/workspace/cst336/practice/randomColor.php on line 18
[08-Sep-2017 19:31:21 UTC] PHP Parse error:  syntax error, unexpected '(', expecting ',' or ';' in /home/ubuntu/workspace/cst336/practice/randomColor.php on line 18
[08-Sep-2017 19:31:22 UTC] PHP Parse error:  syntax error, unexpected '(', expecting ',' or ';' in /home/ubuntu/workspace/cst336/practice/randomColor.php on line 18
[08-Sep-2017 19:31:22 UTC] PHP Parse error:  syntax error, unexpected '(', expecting ',' or ';' in /home/ubuntu/workspace/cst336/practice/randomColor.php on line 18
[13-Sep-2017 19:20:59 UTC] PHP Parse error:  syntax error, unexpected '}', expecting ',' or ';' in /home/ubuntu/workspace/cst336/practice/php_arrays.php on line 7
[13-Sep-2017 19:21:01 UTC] PHP Parse error:  syntax error, unexpected '}', expecting ',' or ';' in /home/ubuntu/workspace/cst336/practice/php_arrays.php on line 7
[13-Sep-2017 19:23:19 UTC] PHP Warning:  Missing argument 1 for displaySymbol(), called in /home/ubuntu/workspace/cst336/practice/php_arrays.php on line 13 and defined in /home/ubuntu/workspace/cst336/practice/php_arrays.php on line 4
[13-Sep-2017 19:23:19 UTC] PHP Stack trace:
[13-Sep-2017 19:23:19 UTC] PHP   1. {main}() /home/ubuntu/workspace/cst336/practice/php_arrays.php:0
[13-Sep-2017 19:23:19 UTC] PHP   2. displaySymbol() /home/ubuntu/workspace/cst336/practice/php_arrays.php:13
[13-Sep-2017 19:23:20 UTC] PHP Warning:  Missing argument 1 for displaySymbol(), called in /home/ubuntu/workspace/cst336/practice/php_arrays.php on line 13 and defined in /home/ubuntu/workspace/cst336/practice/php_arrays.php on line 4
[13-Sep-2017 19:23:20 UTC] PHP Stack trace:
[13-Sep-2017 19:23:20 UTC] PHP   1. {main}() /home/ubuntu/workspace/cst336/practice/php_arrays.php:0
[13-Sep-2017 19:23:20 UTC] PHP   2. displaySymbol() /home/ubuntu/workspace/cst336/practice/php_arrays.php:13
[13-Sep-2017 19:29:22 UTC] PHP Parse error:  syntax error, unexpected '}' in /home/ubuntu/workspace/cst336/practice/php_arrays.php on line 25
[13-Sep-2017 19:31:22 UTC] PHP Parse error:  syntax error, unexpected 'print_r' (T_STRING) in /home/ubuntu/workspace/cst336/practice/php_arrays.php on line 28
[13-Sep-2017 19:43:30 UTC] PHP Warning:  rand() expects exactly 2 parameters, 1 given in /home/ubuntu/workspace/cst336/practice/php_arrays.php on line 54
[13-Sep-2017 19:43:30 UTC] PHP Stack trace:
[13-Sep-2017 19:43:30 UTC] PHP   1. {main}() /home/ubuntu/workspace/cst336/practice/php_arrays.php:0
[13-Sep-2017 19:43:30 UTC] PHP   2. rand() /home/ubuntu/workspace/cst336/practice/php_arrays.php:54
