[19-Sep-2017 04:35:28 UTC] PHP Parse error:  syntax error, unexpected 'print_r' (T_STRING) in /home/ubuntu/workspace/cst336/homework/homework2/homework2.php on line 7
[19-Sep-2017 04:44:08 UTC] PHP Fatal error:  Cannot use [] for reading in /home/ubuntu/workspace/cst336/homework/homework2/homework2.php on line 12
[19-Sep-2017 04:52:22 UTC] PHP Parse error:  syntax error, unexpected '}', expecting ',' or ';' in /home/ubuntu/workspace/cst336/homework/homework2/homework2.php on line 26
[19-Sep-2017 06:40:34 UTC] PHP Fatal error:  Cannot redeclare funFact() (previously declared in /home/ubuntu/workspace/cst336/homework/homework2/homework2.php:5) in /home/ubuntu/workspace/cst336/homework/homework2/homework2.php on line 575
[19-Sep-2017 06:40:40 UTC] PHP Fatal error:  Cannot redeclare funFact() (previously declared in /home/ubuntu/workspace/cst336/homework/homework2/homework2.php:5) in /home/ubuntu/workspace/cst336/homework/homework2/homework2.php on line 575
[20-Sep-2017 04:29:32 UTC] PHP Parse error:  syntax error, unexpected 'shuffle' (T_STRING) in /home/ubuntu/workspace/cst336/homework/homework2/homework2.php on line 430
[11-Oct-2017 03:16:53 UTC] PHP Parse error:  syntax error, unexpected end of file in /home/ubuntu/workspace/cst336/homework/homework3/index.php on line 43
[11-Oct-2017 03:16:55 UTC] PHP Parse error:  syntax error, unexpected end of file in /home/ubuntu/workspace/cst336/homework/homework3/index.php on line 43
[11-Oct-2017 03:17:02 UTC] PHP Parse error:  syntax error, unexpected end of file in /home/ubuntu/workspace/cst336/homework/homework3/index.php on line 43
[11-Oct-2017 03:17:04 UTC] PHP Parse error:  syntax error, unexpected end of file in /home/ubuntu/workspace/cst336/homework/homework3/index.php on line 43
[11-Oct-2017 03:17:12 UTC] PHP Parse error:  syntax error, unexpected end of file in /home/ubuntu/workspace/cst336/homework/homework3/index.php on line 43
[11-Oct-2017 03:18:48 UTC] PHP Parse error:  syntax error, unexpected end of file in /home/ubuntu/workspace/cst336/homework/homework3/recipe.php on line 22
[11-Oct-2017 05:24:34 UTC] PHP Parse error:  syntax error, unexpected 'width' (T_STRING), expecting ',' or ';' in /home/ubuntu/workspace/cst336/homework/homework3/recipe.php on line 11
[11-Oct-2017 05:25:00 UTC] PHP Parse error:  syntax error, unexpected 'width' (T_STRING), expecting ',' or ';' in /home/ubuntu/workspace/cst336/homework/homework3/recipe.php on line 11
[11-Oct-2017 05:25:44 UTC] PHP Parse error:  syntax error, unexpected 'echo' (T_ECHO), expecting ',' or ';' in /home/ubuntu/workspace/cst336/homework/homework3/recipe.php on line 11
[11-Oct-2017 05:25:45 UTC] PHP Parse error:  syntax error, unexpected 'echo' (T_ECHO), expecting ',' or ';' in /home/ubuntu/workspace/cst336/homework/homework3/recipe.php on line 11
[11-Oct-2017 05:27:09 UTC] PHP Parse error:  syntax error, unexpected 'echo' (T_ECHO), expecting ',' or ';' in /home/ubuntu/workspace/cst336/homework/homework3/recipe.php on line 11
[11-Oct-2017 05:27:10 UTC] PHP Parse error:  syntax error, unexpected 'echo' (T_ECHO), expecting ',' or ';' in /home/ubuntu/workspace/cst336/homework/homework3/recipe.php on line 11
[11-Oct-2017 05:27:12 UTC] PHP Parse error:  syntax error, unexpected 'echo' (T_ECHO), expecting ',' or ';' in /home/ubuntu/workspace/cst336/homework/homework3/recipe.php on line 11
[11-Oct-2017 05:27:30 UTC] PHP Parse error:  syntax error, unexpected 'width' (T_STRING), expecting ',' or ';' in /home/ubuntu/workspace/cst336/homework/homework3/recipe.php on line 11
[11-Oct-2017 05:29:43 UTC] PHP Parse error:  syntax error, unexpected '$url' (T_VARIABLE), expecting ',' or ';' in /home/ubuntu/workspace/cst336/homework/homework3/recipe.php on line 11
[11-Oct-2017 05:29:44 UTC] PHP Parse error:  syntax error, unexpected '$url' (T_VARIABLE), expecting ',' or ';' in /home/ubuntu/workspace/cst336/homework/homework3/recipe.php on line 11
[11-Oct-2017 05:29:53 UTC] PHP Parse error:  syntax error, unexpected '<' in /home/ubuntu/workspace/cst336/homework/homework3/recipe.php on line 118
[11-Oct-2017 05:30:15 UTC] PHP Parse error:  syntax error, unexpected '<' in /home/ubuntu/workspace/cst336/homework/homework3/recipe.php on line 118
[11-Oct-2017 05:30:37 UTC] PHP Parse error:  syntax error, unexpected '560' (T_LNUMBER), expecting ',' or ';' in /home/ubuntu/workspace/cst336/homework/homework3/recipe.php on line 11
[11-Oct-2017 05:30:39 UTC] PHP Parse error:  syntax error, unexpected '560' (T_LNUMBER), expecting ',' or ';' in /home/ubuntu/workspace/cst336/homework/homework3/recipe.php on line 11
[11-Oct-2017 05:32:30 UTC] PHP Parse error:  syntax error, unexpected 'preg_match' (T_STRING) in /home/ubuntu/workspace/cst336/homework/homework3/recipe.php on line 12
[11-Oct-2017 05:33:00 UTC] PHP Parse error:  syntax error, unexpected '<' in /home/ubuntu/workspace/cst336/homework/homework3/recipe.php on line 113
[11-Oct-2017 05:33:01 UTC] PHP Parse error:  syntax error, unexpected '<' in /home/ubuntu/workspace/cst336/homework/homework3/recipe.php on line 113
[11-Oct-2017 05:33:40 UTC] PHP Parse error:  syntax error, unexpected '<' in /home/ubuntu/workspace/cst336/homework/homework3/recipe.php on line 113
[11-Oct-2017 05:35:32 UTC] PHP Parse error:  syntax error, unexpected '$width' (T_VARIABLE) in /home/ubuntu/workspace/cst336/homework/homework3/recipe.php on line 14
[11-Oct-2017 05:46:54 UTC] PHP Parse error:  syntax error, unexpected '560' (T_LNUMBER), expecting ',' or ';' in /home/ubuntu/workspace/cst336/homework/homework3/recipe.php on line 12
[11-Oct-2017 05:47:10 UTC] PHP Parse error:  syntax error, unexpected '560' (T_LNUMBER), expecting ',' or ';' in /home/ubuntu/workspace/cst336/homework/homework3/recipe.php on line 12
[11-Oct-2017 05:47:12 UTC] PHP Parse error:  syntax error, unexpected '560' (T_LNUMBER), expecting ',' or ';' in /home/ubuntu/workspace/cst336/homework/homework3/recipe.php on line 12
[11-Oct-2017 06:46:07 UTC] PHP Parse error:  syntax error, unexpected '}', expecting ',' or ';' in /home/ubuntu/workspace/cst336/homework/homework3/recipe.php on line 13
[11-Oct-2017 06:51:10 UTC] PHP Parse error:  syntax error, unexpected 'showVideo' (T_STRING) in /home/ubuntu/workspace/cst336/homework/homework3/recipe.php on line 20
[11-Oct-2017 06:58:39 UTC] PHP Parse error:  syntax error, unexpected '' (T_ENCAPSED_AND_WHITESPACE), expecting identifier (T_STRING) or variable (T_VARIABLE) or number (T_NUM_STRING) in /home/ubuntu/workspace/cst336/homework/homework3/recipe.php on line 112
[11-Oct-2017 06:59:01 UTC] PHP Parse error:  syntax error, unexpected '' (T_ENCAPSED_AND_WHITESPACE), expecting identifier (T_STRING) or variable (T_VARIABLE) or number (T_NUM_STRING) in /home/ubuntu/workspace/cst336/homework/homework3/recipe.php on line 112
[11-Oct-2017 07:14:17 UTC] PHP Parse error:  syntax error, unexpected '?' in /home/ubuntu/workspace/cst336/homework/homework3/recipe.php on line 98
[11-Oct-2017 07:14:26 UTC] PHP Parse error:  syntax error, unexpected '?' in /home/ubuntu/workspace/cst336/homework/homework3/recipe.php on line 98
[11-Oct-2017 07:17:00 UTC] PHP Parse error:  syntax error, unexpected 'Animal' (T_STRING), expecting ',' or ';' in /home/ubuntu/workspace/cst336/homework/homework3/recipe.php on line 101
[11-Oct-2017 07:27:39 UTC] PHP Parse error:  syntax error, unexpected 'isset' (T_ISSET) in /home/ubuntu/workspace/cst336/homework/homework3/recipe.php on line 115
[11-Oct-2017 07:27:52 UTC] PHP Fatal error:  Cannot use isset() on the result of an expression (you can use "null !== expression" instead) in /home/ubuntu/workspace/cst336/homework/homework3/recipe.php on line 115
[11-Oct-2017 07:29:21 UTC] PHP Parse error:  syntax error, unexpected 'if' (T_IF), expecting ',' or ';' in /home/ubuntu/workspace/cst336/homework/homework3/recipe.php on line 117
[11-Oct-2017 07:31:39 UTC] PHP Parse error:  syntax error, unexpected end of file in /home/ubuntu/workspace/cst336/homework/homework3/recipe.php on line 139
[11-Oct-2017 07:34:38 UTC] PHP Parse error:  syntax error, unexpected '}' in /home/ubuntu/workspace/cst336/homework/homework3/recipe.php on line 114
[11-Oct-2017 07:34:53 UTC] PHP Parse error:  syntax error, unexpected 'if' (T_IF), expecting ':' in /home/ubuntu/workspace/cst336/homework/homework3/recipe.php on line 120
[11-Oct-2017 07:35:25 UTC] PHP Parse error:  syntax error, unexpected 'if' (T_IF), expecting ':' in /home/ubuntu/workspace/cst336/homework/homework3/recipe.php on line 121
[11-Oct-2017 07:35:26 UTC] PHP Parse error:  syntax error, unexpected 'if' (T_IF), expecting ':' in /home/ubuntu/workspace/cst336/homework/homework3/recipe.php on line 121
[11-Oct-2017 07:36:08 UTC] PHP Parse error:  syntax error, unexpected 'else' (T_ELSE) in /home/ubuntu/workspace/cst336/homework/homework3/recipe.php on line 122
[11-Oct-2017 07:36:30 UTC] PHP Parse error:  syntax error, unexpected '(', expecting ':' in /home/ubuntu/workspace/cst336/homework/homework3/recipe.php on line 122
[11-Oct-2017 07:36:42 UTC] PHP Parse error:  syntax error, unexpected '(', expecting ':' in /home/ubuntu/workspace/cst336/homework/homework3/recipe.php on line 122
[11-Oct-2017 07:36:56 UTC] PHP Parse error:  syntax error, unexpected '(', expecting ':' in /home/ubuntu/workspace/cst336/homework/homework3/recipe.php on line 122
[11-Oct-2017 07:36:57 UTC] PHP Parse error:  syntax error, unexpected '(', expecting ':' in /home/ubuntu/workspace/cst336/homework/homework3/recipe.php on line 122
[11-Oct-2017 07:37:08 UTC] PHP Parse error:  syntax error, unexpected 'if' (T_IF), expecting ':' in /home/ubuntu/workspace/cst336/homework/homework3/recipe.php on line 122
[11-Oct-2017 07:41:01 UTC] PHP Warning:  Missing argument 4 for songToListenTo(), called in /home/ubuntu/workspace/cst336/homework/homework3/recipe.php on line 30 and defined in /home/ubuntu/workspace/cst336/homework/homework3/recipe.php on line 4
[11-Oct-2017 07:41:01 UTC] PHP Stack trace:
[11-Oct-2017 07:41:01 UTC] PHP   1. {main}() /home/ubuntu/workspace/cst336/homework/homework3/recipe.php:0
[11-Oct-2017 07:41:01 UTC] PHP   2. songToListenTo() /home/ubuntu/workspace/cst336/homework/homework3/recipe.php:30
[11-Oct-2017 07:47:44 UTC] PHP Parse error:  syntax error, unexpected 'if' (T_IF) in /home/ubuntu/workspace/cst336/homework/homework3/recipe.php on line 28
[11-Oct-2017 07:52:09 UTC] PHP Parse error:  syntax error, unexpected ''" frameborder="0" allowfullsc' (T_CONSTANT_ENCAPSED_STRING), expecting ',' or ';' in /home/ubuntu/workspace/cst336/homework/homework3/recipe.php on line 12
[11-Oct-2017 13:56:25 UTC] PHP Parse error:  syntax error, unexpected 'if' (T_IF), expecting ',' or ';' in /home/ubuntu/workspace/cst336/homework/homework3/recipe.php on line 15
