[22-Sep-2017 19:56:39 UTC] PHP Fatal error:  Maximum execution time of 300 seconds exceeded in /home/ubuntu/workspace/cst336/labs/lab4/Slider/index.php on line 41
[22-Sep-2017 19:56:39 UTC] PHP Stack trace:
[22-Sep-2017 19:56:39 UTC] PHP   1. {main}() /home/ubuntu/workspace/cst336/labs/lab4/Slider/index.php:0
[22-Sep-2017 20:13:44 UTC] PHP Fatal error:  Maximum execution time of 300 seconds exceeded in /home/ubuntu/workspace/cst336/labs/lab4/Slider/index.php on line 41
[22-Sep-2017 20:13:44 UTC] PHP Stack trace:
[22-Sep-2017 20:13:44 UTC] PHP   1. {main}() /home/ubuntu/workspace/cst336/labs/lab4/Slider/index.php:0
[27-Sep-2017 20:38:47 UTC] PHP Parse error:  syntax error, unexpected end of file in /home/ubuntu/workspace/cst336/labs/lab4/Slider/index.php on line 101
[27-Sep-2017 20:39:16 UTC] PHP Parse error:  syntax error, unexpected end of file in /home/ubuntu/workspace/cst336/labs/lab4/Slider/index.php on line 101
[27-Sep-2017 20:39:18 UTC] PHP Parse error:  syntax error, unexpected end of file in /home/ubuntu/workspace/cst336/labs/lab4/Slider/index.php on line 101
[27-Sep-2017 20:39:44 UTC] PHP Parse error:  syntax error, unexpected end of file in /home/ubuntu/workspace/cst336/labs/lab4/Slider/index.php on line 101
[27-Sep-2017 20:40:07 UTC] PHP Parse error:  syntax error, unexpected end of file in /home/ubuntu/workspace/cst336/labs/lab4/Slider/index.php on line 102
[27-Sep-2017 20:40:08 UTC] PHP Parse error:  syntax error, unexpected end of file in /home/ubuntu/workspace/cst336/labs/lab4/Slider/index.php on line 102
[27-Sep-2017 20:44:34 UTC] PHP Parse error:  syntax error, unexpected end of file in /home/ubuntu/workspace/cst336/labs/lab4/Slider/index.php on line 100
[27-Sep-2017 20:44:35 UTC] PHP Parse error:  syntax error, unexpected end of file in /home/ubuntu/workspace/cst336/labs/lab4/Slider/index.php on line 100
[27-Sep-2017 20:49:48 UTC] PHP Parse error:  syntax error, unexpected '$_GET' (T_VARIABLE), expecting '(' in /home/ubuntu/workspace/cst336/labs/lab4/Slider/index.php on line 11
[27-Sep-2017 20:49:49 UTC] PHP Parse error:  syntax error, unexpected '$_GET' (T_VARIABLE), expecting '(' in /home/ubuntu/workspace/cst336/labs/lab4/Slider/index.php on line 11
[27-Sep-2017 20:49:50 UTC] PHP Parse error:  syntax error, unexpected '$_GET' (T_VARIABLE), expecting '(' in /home/ubuntu/workspace/cst336/labs/lab4/Slider/index.php on line 11
[27-Sep-2017 20:49:59 UTC] PHP Parse error:  syntax error, unexpected '$_GET' (T_VARIABLE), expecting '(' in /home/ubuntu/workspace/cst336/labs/lab4/Slider/index.php on line 11
[29-Sep-2017 20:18:15 UTC] PHP Parse error:  syntax error, unexpected end of file in /home/ubuntu/workspace/cst336/labs/lab4/Slider/index.php on line 162
[29-Sep-2017 20:18:17 UTC] PHP Parse error:  syntax error, unexpected end of file in /home/ubuntu/workspace/cst336/labs/lab4/Slider/index.php on line 162
[29-Sep-2017 20:19:03 UTC] PHP Parse error:  syntax error, unexpected end of file in /home/ubuntu/workspace/cst336/labs/lab4/Slider/index.php on line 158
[29-Sep-2017 20:19:32 UTC] PHP Parse error:  syntax error, unexpected end of file in /home/ubuntu/workspace/cst336/labs/lab4/Slider/index.php on line 159
[02-Oct-2017 01:06:23 UTC] PHP Fatal error:  Maximum execution time of 300 seconds exceeded in /home/ubuntu/workspace/cst336/labs/lab4/Slider/index.php on line 125
[02-Oct-2017 01:06:23 UTC] PHP Stack trace:
[02-Oct-2017 01:06:23 UTC] PHP   1. {main}() /home/ubuntu/workspace/cst336/labs/lab4/Slider/index.php:0
