[06-Oct-2017 20:35:33 UTC] PHP Fatal error:  Call to a member function prepare() on a non-object in /home/ubuntu/workspace/cst336/labs/lab5/practice.php on line 14
[06-Oct-2017 20:35:33 UTC] PHP Stack trace:
[06-Oct-2017 20:35:33 UTC] PHP   1. {main}() /home/ubuntu/workspace/cst336/labs/lab5/practice.php:0
[06-Oct-2017 20:35:33 UTC] PHP   2. usersWithanA() /home/ubuntu/workspace/cst336/labs/lab5/practice.php:28
[06-Oct-2017 20:48:54 UTC] PHP Fatal error:  Call to undefined function getDeviceTypes() in /home/ubuntu/workspace/cst336/labs/lab5/index.php on line 13
[06-Oct-2017 20:48:54 UTC] PHP Stack trace:
[06-Oct-2017 20:48:54 UTC] PHP   1. {main}() /home/ubuntu/workspace/cst336/labs/lab5/index.php:0
[11-Oct-2017 20:32:48 UTC] PHP Fatal error:  Call to undefined function getDeviceTypes() in /home/ubuntu/workspace/cst336/labs/lab5/index.php on line 13
[11-Oct-2017 20:32:49 UTC] PHP Stack trace:
[11-Oct-2017 20:32:49 UTC] PHP   1. {main}() /home/ubuntu/workspace/cst336/labs/lab5/index.php:0
[11-Oct-2017 20:41:53 UTC] PHP Warning:  include(../../../phpMyAdmin/dbConnections.php): failed to open stream: No such file or directory in /home/ubuntu/workspace/cst336/labs/lab5/index.php on line 2
[11-Oct-2017 20:41:53 UTC] PHP Stack trace:
[11-Oct-2017 20:41:53 UTC] PHP   1. {main}() /home/ubuntu/workspace/cst336/labs/lab5/index.php:0
[11-Oct-2017 20:41:53 UTC] PHP Warning:  include(): Failed opening '../../../phpMyAdmin/dbConnections.php' for inclusion (include_path='.:/usr/share/php:/usr/share/pear') in /home/ubuntu/workspace/cst336/labs/lab5/index.php on line 2
[11-Oct-2017 20:41:53 UTC] PHP Stack trace:
[11-Oct-2017 20:41:53 UTC] PHP   1. {main}() /home/ubuntu/workspace/cst336/labs/lab5/index.php:0
[11-Oct-2017 20:41:53 UTC] PHP Fatal error:  Call to undefined function getDeviceTypes() in /home/ubuntu/workspace/cst336/labs/lab5/index.php on line 17
[11-Oct-2017 20:41:53 UTC] PHP Stack trace:
[11-Oct-2017 20:41:53 UTC] PHP   1. {main}() /home/ubuntu/workspace/cst336/labs/lab5/index.php:0
[11-Oct-2017 20:42:07 UTC] PHP Warning:  include(../../../../dbConnections.php): failed to open stream: No such file or directory in /home/ubuntu/workspace/cst336/labs/lab5/index.php on line 2
[11-Oct-2017 20:42:07 UTC] PHP Stack trace:
[11-Oct-2017 20:42:07 UTC] PHP   1. {main}() /home/ubuntu/workspace/cst336/labs/lab5/index.php:0
[11-Oct-2017 20:42:07 UTC] PHP Warning:  include(): Failed opening '../../../../dbConnections.php' for inclusion (include_path='.:/usr/share/php:/usr/share/pear') in /home/ubuntu/workspace/cst336/labs/lab5/index.php on line 2
[11-Oct-2017 20:42:07 UTC] PHP Stack trace:
[11-Oct-2017 20:42:07 UTC] PHP   1. {main}() /home/ubuntu/workspace/cst336/labs/lab5/index.php:0
[11-Oct-2017 20:42:07 UTC] PHP Fatal error:  Call to undefined function getDeviceTypes() in /home/ubuntu/workspace/cst336/labs/lab5/index.php on line 17
[11-Oct-2017 20:42:07 UTC] PHP Stack trace:
[11-Oct-2017 20:42:07 UTC] PHP   1. {main}() /home/ubuntu/workspace/cst336/labs/lab5/index.php:0
[11-Oct-2017 20:42:15 UTC] PHP Warning:  include(../../../dbConnections.php): failed to open stream: No such file or directory in /home/ubuntu/workspace/cst336/labs/lab5/index.php on line 2
[11-Oct-2017 20:42:15 UTC] PHP Stack trace:
[11-Oct-2017 20:42:15 UTC] PHP   1. {main}() /home/ubuntu/workspace/cst336/labs/lab5/index.php:0
[11-Oct-2017 20:42:15 UTC] PHP Warning:  include(): Failed opening '../../../dbConnections.php' for inclusion (include_path='.:/usr/share/php:/usr/share/pear') in /home/ubuntu/workspace/cst336/labs/lab5/index.php on line 2
[11-Oct-2017 20:42:15 UTC] PHP Stack trace:
[11-Oct-2017 20:42:15 UTC] PHP   1. {main}() /home/ubuntu/workspace/cst336/labs/lab5/index.php:0
[11-Oct-2017 20:42:15 UTC] PHP Fatal error:  Call to undefined function getDeviceTypes() in /home/ubuntu/workspace/cst336/labs/lab5/index.php on line 17
[11-Oct-2017 20:42:15 UTC] PHP Stack trace:
[11-Oct-2017 20:42:15 UTC] PHP   1. {main}() /home/ubuntu/workspace/cst336/labs/lab5/index.php:0
[11-Oct-2017 20:43:17 UTC] PHP Warning:  include(../../../dbConnections.php): failed to open stream: No such file or directory in /home/ubuntu/workspace/cst336/labs/lab5/index.php on line 2
[11-Oct-2017 20:43:17 UTC] PHP Stack trace:
[11-Oct-2017 20:43:17 UTC] PHP   1. {main}() /home/ubuntu/workspace/cst336/labs/lab5/index.php:0
[11-Oct-2017 20:43:17 UTC] PHP Warning:  include(): Failed opening '../../../dbConnections.php' for inclusion (include_path='.:/usr/share/php:/usr/share/pear') in /home/ubuntu/workspace/cst336/labs/lab5/index.php on line 2
[11-Oct-2017 20:43:17 UTC] PHP Stack trace:
[11-Oct-2017 20:43:17 UTC] PHP   1. {main}() /home/ubuntu/workspace/cst336/labs/lab5/index.php:0
[11-Oct-2017 20:43:17 UTC] PHP Fatal error:  Call to undefined function getDeviceTypes() in /home/ubuntu/workspace/cst336/labs/lab5/index.php on line 17
[11-Oct-2017 20:43:17 UTC] PHP Stack trace:
[11-Oct-2017 20:43:17 UTC] PHP   1. {main}() /home/ubuntu/workspace/cst336/labs/lab5/index.php:0
[11-Oct-2017 20:43:19 UTC] PHP Warning:  include(../../../dbConnections.php): failed to open stream: No such file or directory in /home/ubuntu/workspace/cst336/labs/lab5/index.php on line 2
[11-Oct-2017 20:43:19 UTC] PHP Stack trace:
[11-Oct-2017 20:43:19 UTC] PHP   1. {main}() /home/ubuntu/workspace/cst336/labs/lab5/index.php:0
[11-Oct-2017 20:43:19 UTC] PHP Warning:  include(): Failed opening '../../../dbConnections.php' for inclusion (include_path='.:/usr/share/php:/usr/share/pear') in /home/ubuntu/workspace/cst336/labs/lab5/index.php on line 2
[11-Oct-2017 20:43:19 UTC] PHP Stack trace:
[11-Oct-2017 20:43:19 UTC] PHP   1. {main}() /home/ubuntu/workspace/cst336/labs/lab5/index.php:0
[11-Oct-2017 20:43:19 UTC] PHP Fatal error:  Call to undefined function getDeviceTypes() in /home/ubuntu/workspace/cst336/labs/lab5/index.php on line 17
[11-Oct-2017 20:43:19 UTC] PHP Stack trace:
[11-Oct-2017 20:43:19 UTC] PHP   1. {main}() /home/ubuntu/workspace/cst336/labs/lab5/index.php:0
[11-Oct-2017 20:48:11 UTC] PHP Fatal error:  Call to undefined function getDeviceTypes() in /home/ubuntu/workspace/cst336/labs/lab5/index.php on line 17
[11-Oct-2017 20:48:11 UTC] PHP Stack trace:
[11-Oct-2017 20:48:11 UTC] PHP   1. {main}() /home/ubuntu/workspace/cst336/labs/lab5/index.php:0
[13-Oct-2017 19:07:16 UTC] PHP Fatal error:  Call to undefined function getDeviceTypes() in /home/ubuntu/workspace/cst336/labs/lab5/index.php on line 17
[13-Oct-2017 19:07:16 UTC] PHP Stack trace:
[13-Oct-2017 19:07:16 UTC] PHP   1. {main}() /home/ubuntu/workspace/cst336/labs/lab5/index.php:0
[13-Oct-2017 19:15:53 UTC] PHP Fatal error:  Uncaught exception 'PDOException' with message 'SQLSTATE[42000]: Syntax error or access violation: 1064 You have an error in your SQL syntax; check the manual that corresponds to your MySQL server version for the right syntax to use near ''tc_device' 
            ORDER BY deviceType' at line 2' in /home/ubuntu/workspace/cst336/labs/lab5/index.php:11
Stack trace:
#0 /home/ubuntu/workspace/cst336/labs/lab5/index.php(11): PDOStatement->execute()
#1 /home/ubuntu/workspace/cst336/labs/lab5/index.php(47): getDeviceTypes()
#2 {main}
  thrown in /home/ubuntu/workspace/cst336/labs/lab5/index.php on line 11
[13-Oct-2017 19:16:08 UTC] PHP Fatal error:  Uncaught exception 'PDOException' with message 'SQLSTATE[42000]: Syntax error or access violation: 1064 You have an error in your SQL syntax; check the manual that corresponds to your MySQL server version for the right syntax to use near ''tc_device' 
            ORDER BY deviceType' at line 2' in /home/ubuntu/workspace/cst336/labs/lab5/index.php:11
Stack trace:
#0 /home/ubuntu/workspace/cst336/labs/lab5/index.php(11): PDOStatement->execute()
#1 /home/ubuntu/workspace/cst336/labs/lab5/index.php(47): getDeviceTypes()
#2 {main}
  thrown in /home/ubuntu/workspace/cst336/labs/lab5/index.php on line 11
[13-Oct-2017 19:16:33 UTC] PHP Fatal error:  Uncaught exception 'PDOException' with message 'SQLSTATE[42000]: Syntax error or access violation: 1064 You have an error in your SQL syntax; check the manual that corresponds to your MySQL server version for the right syntax to use near ''tc_device' 
            ORDER BY deviceType' at line 2' in /home/ubuntu/workspace/cst336/labs/lab5/index.php:11
Stack trace:
#0 /home/ubuntu/workspace/cst336/labs/lab5/index.php(11): PDOStatement->execute()
#1 /home/ubuntu/workspace/cst336/labs/lab5/index.php(47): getDeviceTypes()
#2 {main}
  thrown in /home/ubuntu/workspace/cst336/labs/lab5/index.php on line 11
[13-Oct-2017 19:16:55 UTC] PHP Fatal error:  Uncaught exception 'PDOException' with message 'SQLSTATE[42000]: Syntax error or access violation: 1064 You have an error in your SQL syntax; check the manual that corresponds to your MySQL server version for the right syntax to use near ''tc_device' 
            ORDER BY deviceType' at line 2' in /home/ubuntu/workspace/cst336/labs/lab5/index.php:11
Stack trace:
#0 /home/ubuntu/workspace/cst336/labs/lab5/index.php(11): PDOStatement->execute()
#1 /home/ubuntu/workspace/cst336/labs/lab5/index.php(48): getDeviceTypes()
#2 {main}
  thrown in /home/ubuntu/workspace/cst336/labs/lab5/index.php on line 11
[13-Oct-2017 19:18:29 UTC] PHP Fatal error:  Uncaught exception 'PDOException' with message 'SQLSTATE[42000]: Syntax error or access violation: 1064 You have an error in your SQL syntax; check the manual that corresponds to your MySQL server version for the right syntax to use near ''tc_device' 
            ORDER BY deviceType' at line 2' in /home/ubuntu/workspace/cst336/labs/lab5/index.php:11
Stack trace:
#0 /home/ubuntu/workspace/cst336/labs/lab5/index.php(11): PDOStatement->execute()
#1 /home/ubuntu/workspace/cst336/labs/lab5/index.php(48): getDeviceTypes()
#2 {main}
  thrown in /home/ubuntu/workspace/cst336/labs/lab5/index.php on line 11
[13-Oct-2017 19:18:48 UTC] PHP Fatal error:  Call to undefined function getDatabaseConnection() in /home/ubuntu/workspace/cst336/labs/lab5/index.php on line 5
[13-Oct-2017 19:18:48 UTC] PHP Stack trace:
[13-Oct-2017 19:18:48 UTC] PHP   1. {main}() /home/ubuntu/workspace/cst336/labs/lab5/index.php:0
[13-Oct-2017 19:18:49 UTC] PHP Fatal error:  Call to undefined function getDatabaseConnection() in /home/ubuntu/workspace/cst336/labs/lab5/index.php on line 5
[13-Oct-2017 19:18:49 UTC] PHP Stack trace:
[13-Oct-2017 19:18:49 UTC] PHP   1. {main}() /home/ubuntu/workspace/cst336/labs/lab5/index.php:0
[13-Oct-2017 19:36:03 UTC] PHP Fatal error:  Call to undefined function getDatabaseConnectin() in /home/ubuntu/workspace/cst336/labs/lab5/index.php on line 5
[13-Oct-2017 19:36:03 UTC] PHP Stack trace:
[13-Oct-2017 19:36:03 UTC] PHP   1. {main}() /home/ubuntu/workspace/cst336/labs/lab5/index.php:0
[13-Oct-2017 19:41:00 UTC] PHP Fatal error:  Uncaught exception 'PDOException' with message 'SQLSTATE[42000]: Syntax error or access violation: 1064 You have an error in your SQL syntax; check the manual that corresponds to your MySQL server version for the right syntax to use near 'ORDER * FROM tc_device WHERE 1' at line 1' in /home/ubuntu/workspace/cst336/labs/lab5/index.php:67
Stack trace:
#0 /home/ubuntu/workspace/cst336/labs/lab5/index.php(67): PDOStatement->execute(NULL)
#1 /home/ubuntu/workspace/cst336/labs/lab5/index.php(106): displayDevices()
#2 {main}
  thrown in /home/ubuntu/workspace/cst336/labs/lab5/index.php on line 67
[13-Oct-2017 19:41:12 UTC] PHP Fatal error:  Uncaught exception 'PDOException' with message 'SQLSTATE[42000]: Syntax error or access violation: 1064 You have an error in your SQL syntax; check the manual that corresponds to your MySQL server version for the right syntax to use near 'ORDER * FROM tc_device WHERE 1' at line 1' in /home/ubuntu/workspace/cst336/labs/lab5/index.php:67
Stack trace:
#0 /home/ubuntu/workspace/cst336/labs/lab5/index.php(67): PDOStatement->execute(NULL)
#1 /home/ubuntu/workspace/cst336/labs/lab5/index.php(106): displayDevices()
#2 {main}
  thrown in /home/ubuntu/workspace/cst336/labs/lab5/index.php on line 67
[13-Oct-2017 19:41:13 UTC] PHP Fatal error:  Uncaught exception 'PDOException' with message 'SQLSTATE[42000]: Syntax error or access violation: 1064 You have an error in your SQL syntax; check the manual that corresponds to your MySQL server version for the right syntax to use near 'ORDER * FROM tc_device WHERE 1' at line 1' in /home/ubuntu/workspace/cst336/labs/lab5/index.php:67
Stack trace:
#0 /home/ubuntu/workspace/cst336/labs/lab5/index.php(67): PDOStatement->execute(NULL)
#1 /home/ubuntu/workspace/cst336/labs/lab5/index.php(106): displayDevices()
#2 {main}
  thrown in /home/ubuntu/workspace/cst336/labs/lab5/index.php on line 67
[13-Oct-2017 19:41:26 UTC] PHP Fatal error:  Uncaught exception 'PDOException' with message 'SQLSTATE[42000]: Syntax error or access violation: 1064 You have an error in your SQL syntax; check the manual that corresponds to your MySQL server version for the right syntax to use near 'ORDER * FROM tc_device' at line 1' in /home/ubuntu/workspace/cst336/labs/lab5/index.php:67
Stack trace:
#0 /home/ubuntu/workspace/cst336/labs/lab5/index.php(67): PDOStatement->execute(NULL)
#1 /home/ubuntu/workspace/cst336/labs/lab5/index.php(106): displayDevices()
#2 {main}
  thrown in /home/ubuntu/workspace/cst336/labs/lab5/index.php on line 67
[13-Oct-2017 19:47:57 UTC] PHP Fatal error:  Uncaught exception 'PDOException' with message 'SQLSTATE[42S22]: Column not found: 1054 Unknown column 'available' in 'where clause'' in /home/ubuntu/workspace/cst336/labs/lab5/index.php:85
Stack trace:
#0 /home/ubuntu/workspace/cst336/labs/lab5/index.php(85): PDOStatement->execute(Array)
#1 /home/ubuntu/workspace/cst336/labs/lab5/index.php(130): displayDevices()
#2 {main}
  thrown in /home/ubuntu/workspace/cst336/labs/lab5/index.php on line 85
[13-Oct-2017 19:49:08 UTC] PHP Fatal error:  Uncaught exception 'PDOException' with message 'SQLSTATE[42S22]: Column not found: 1054 Unknown column 'available' in 'where clause'' in /home/ubuntu/workspace/cst336/labs/lab5/index.php:85
Stack trace:
#0 /home/ubuntu/workspace/cst336/labs/lab5/index.php(85): PDOStatement->execute(Array)
#1 /home/ubuntu/workspace/cst336/labs/lab5/index.php(130): displayDevices()
#2 {main}
  thrown in /home/ubuntu/workspace/cst336/labs/lab5/index.php on line 85
[13-Oct-2017 19:49:13 UTC] PHP Fatal error:  Uncaught exception 'PDOException' with message 'SQLSTATE[42S22]: Column not found: 1054 Unknown column 'available' in 'where clause'' in /home/ubuntu/workspace/cst336/labs/lab5/index.php:85
Stack trace:
#0 /home/ubuntu/workspace/cst336/labs/lab5/index.php(85): PDOStatement->execute(Array)
#1 /home/ubuntu/workspace/cst336/labs/lab5/index.php(130): displayDevices()
#2 {main}
  thrown in /home/ubuntu/workspace/cst336/labs/lab5/index.php on line 85
[13-Oct-2017 20:19:58 UTC] PHP Fatal error:  Uncaught exception 'PDOException' with message 'SQLSTATE[42S22]: Column not found: 1054 Unknown column 'available' in 'where clause'' in /home/ubuntu/workspace/cst336/labs/lab5/index.php:88
Stack trace:
#0 /home/ubuntu/workspace/cst336/labs/lab5/index.php(88): PDOStatement->execute(Array)
#1 /home/ubuntu/workspace/cst336/labs/lab5/index.php(136): displayDevices()
#2 {main}
  thrown in /home/ubuntu/workspace/cst336/labs/lab5/index.php on line 88
[13-Oct-2017 20:20:38 UTC] PHP Fatal error:  Call to undefined function displayCheckoutHistory() in /home/ubuntu/workspace/cst336/labs/lab5/checkoutHistory.php on line 31
[13-Oct-2017 20:20:38 UTC] PHP Stack trace:
[13-Oct-2017 20:20:38 UTC] PHP   1. {main}() /home/ubuntu/workspace/cst336/labs/lab5/checkoutHistory.php:0
[13-Oct-2017 20:20:54 UTC] PHP Fatal error:  Call to undefined function displayCheckoutHistory() in /home/ubuntu/workspace/cst336/labs/lab5/checkoutHistory.php on line 31
[13-Oct-2017 20:20:54 UTC] PHP Stack trace:
[13-Oct-2017 20:20:54 UTC] PHP   1. {main}() /home/ubuntu/workspace/cst336/labs/lab5/checkoutHistory.php:0
[13-Oct-2017 20:21:52 UTC] PHP Fatal error:  Call to undefined function displayCheckoutHistory() in /home/ubuntu/workspace/cst336/labs/lab5/checkoutHistory.php on line 32
[13-Oct-2017 20:21:52 UTC] PHP Stack trace:
[13-Oct-2017 20:21:52 UTC] PHP   1. {main}() /home/ubuntu/workspace/cst336/labs/lab5/checkoutHistory.php:0
[13-Oct-2017 20:23:38 UTC] PHP Fatal error:  Call to undefined function displayCheckoutHistory() in /home/ubuntu/workspace/cst336/labs/lab5/checkoutHistory.php on line 37
[13-Oct-2017 20:23:38 UTC] PHP Stack trace:
[13-Oct-2017 20:23:38 UTC] PHP   1. {main}() /home/ubuntu/workspace/cst336/labs/lab5/checkoutHistory.php:0
[13-Oct-2017 20:23:39 UTC] PHP Fatal error:  Call to undefined function displayCheckoutHistory() in /home/ubuntu/workspace/cst336/labs/lab5/checkoutHistory.php on line 37
[13-Oct-2017 20:23:39 UTC] PHP Stack trace:
[13-Oct-2017 20:23:39 UTC] PHP   1. {main}() /home/ubuntu/workspace/cst336/labs/lab5/checkoutHistory.php:0
[13-Oct-2017 20:25:42 UTC] PHP Fatal error:  Call to undefined function displayCheckoutHistory() in /home/ubuntu/workspace/cst336/labs/lab5/checkoutHistory.php on line 39
[13-Oct-2017 20:25:42 UTC] PHP Stack trace:
[13-Oct-2017 20:25:42 UTC] PHP   1. {main}() /home/ubuntu/workspace/cst336/labs/lab5/checkoutHistory.php:0
[13-Oct-2017 20:25:49 UTC] PHP Fatal error:  Call to undefined function displayCheckoutHistory() in /home/ubuntu/workspace/cst336/labs/lab5/checkoutHistory.php on line 39
[13-Oct-2017 20:25:49 UTC] PHP Stack trace:
[13-Oct-2017 20:25:49 UTC] PHP   1. {main}() /home/ubuntu/workspace/cst336/labs/lab5/checkoutHistory.php:0
[13-Oct-2017 20:28:20 UTC] PHP Fatal error:  Call to undefined function displayCheckoutHistory() in /home/ubuntu/workspace/cst336/labs/lab5/checkoutHistory.php on line 44
[13-Oct-2017 20:28:20 UTC] PHP Stack trace:
[13-Oct-2017 20:28:20 UTC] PHP   1. {main}() /home/ubuntu/workspace/cst336/labs/lab5/checkoutHistory.php:0
[13-Oct-2017 20:43:33 UTC] PHP Warning:  include(../../../dbConnection.php): failed to open stream: No such file or directory in /home/ubuntu/workspace/cst336/labs/lab5/checkoutHistory.php on line 6
[13-Oct-2017 20:43:33 UTC] PHP Stack trace:
[13-Oct-2017 20:43:33 UTC] PHP   1. {main}() /home/ubuntu/workspace/cst336/labs/lab5/checkoutHistory.php:0
[13-Oct-2017 20:43:33 UTC] PHP   2. displayCheckoutHistory() /home/ubuntu/workspace/cst336/labs/lab5/checkoutHistory.php:41
[13-Oct-2017 20:43:33 UTC] PHP Warning:  include(): Failed opening '../../../dbConnection.php' for inclusion (include_path='.:/usr/share/php:/usr/share/pear') in /home/ubuntu/workspace/cst336/labs/lab5/checkoutHistory.php on line 6
[13-Oct-2017 20:43:33 UTC] PHP Stack trace:
[13-Oct-2017 20:43:33 UTC] PHP   1. {main}() /home/ubuntu/workspace/cst336/labs/lab5/checkoutHistory.php:0
[13-Oct-2017 20:43:33 UTC] PHP   2. displayCheckoutHistory() /home/ubuntu/workspace/cst336/labs/lab5/checkoutHistory.php:41
[13-Oct-2017 20:43:33 UTC] PHP Fatal error:  Call to undefined function getDatabaseConnection() in /home/ubuntu/workspace/cst336/labs/lab5/checkoutHistory.php on line 7
[13-Oct-2017 20:43:33 UTC] PHP Stack trace:
[13-Oct-2017 20:43:33 UTC] PHP   1. {main}() /home/ubuntu/workspace/cst336/labs/lab5/checkoutHistory.php:0
[13-Oct-2017 20:43:33 UTC] PHP   2. displayCheckoutHistory() /home/ubuntu/workspace/cst336/labs/lab5/checkoutHistory.php:41
[15-Oct-2017 20:00:34 UTC] PHP Fatal error:  Uncaught exception 'PDOException' with message 'SQLSTATE[HY093]: Invalid parameter number: parameter was not defined' in /home/ubuntu/workspace/cst336/labs/lab5/index.php:86
Stack trace:
#0 /home/ubuntu/workspace/cst336/labs/lab5/index.php(86): PDOStatement->execute(Array)
#1 /home/ubuntu/workspace/cst336/labs/lab5/index.php(134): displayDevices()
#2 {main}
  thrown in /home/ubuntu/workspace/cst336/labs/lab5/index.php on line 86
[18-Oct-2017 19:54:14 UTC] PHP Catchable fatal error:  Object of class PDO could not be converted to string in /home/ubuntu/workspace/cst336/labs/lab6/loginProcess.php on line 7
[18-Oct-2017 19:54:14 UTC] PHP Stack trace:
[18-Oct-2017 19:54:14 UTC] PHP   1. {main}() /home/ubuntu/workspace/cst336/labs/lab6/loginProcess.php:0
[18-Oct-2017 20:11:36 UTC] PHP Fatal error:  Call to a member function prepare() on a non-object in /home/ubuntu/workspace/cst336/labs/lab6/admin.php on line 6
[18-Oct-2017 20:11:36 UTC] PHP Stack trace:
[18-Oct-2017 20:11:36 UTC] PHP   1. {main}() /home/ubuntu/workspace/cst336/labs/lab6/admin.php:0
[18-Oct-2017 20:11:36 UTC] PHP   2. displayUsers() /home/ubuntu/workspace/cst336/labs/lab6/admin.php:24
[18-Oct-2017 20:13:21 UTC] PHP Warning:  Invalid argument supplied for foreach() in /home/ubuntu/workspace/cst336/labs/lab6/admin.php on line 13
[18-Oct-2017 20:13:21 UTC] PHP Stack trace:
[18-Oct-2017 20:13:21 UTC] PHP   1. {main}() /home/ubuntu/workspace/cst336/labs/lab6/admin.php:0
[18-Oct-2017 20:13:21 UTC] PHP   2. displayUsers() /home/ubuntu/workspace/cst336/labs/lab6/admin.php:33
[25-Oct-2017 19:47:59 UTC] PHP Fatal error:  Call to undefined function getDepartmentInfo() in /home/ubuntu/workspace/cst336/labs/lab6/addUser.php on line 34
[25-Oct-2017 19:47:59 UTC] PHP Stack trace:
[25-Oct-2017 19:47:59 UTC] PHP   1. {main}() /home/ubuntu/workspace/cst336/labs/lab6/addUser.php:0
[25-Oct-2017 20:07:43 UTC] PHP Parse error:  syntax error, unexpected '}', expecting ',' or ';' in /home/ubuntu/workspace/cst336/labs/lab6/addUser.php on line 44
[25-Oct-2017 20:07:55 UTC] PHP Fatal error:  Uncaught exception 'PDOException' with message 'SQLSTATE[HY093]: Invalid parameter number: parameter was not defined' in /home/ubuntu/workspace/cst336/labs/lab6/addUser.php:40
Stack trace:
#0 /home/ubuntu/workspace/cst336/labs/lab6/addUser.php(40): PDOStatement->execute(Array)
#1 {main}
  thrown in /home/ubuntu/workspace/cst336/labs/lab6/addUser.php on line 40
[25-Oct-2017 20:08:29 UTC] PHP Fatal error:  Uncaught exception 'PDOException' with message 'SQLSTATE[HY093]: Invalid parameter number: parameter was not defined' in /home/ubuntu/workspace/cst336/labs/lab6/addUser.php:40
Stack trace:
#0 /home/ubuntu/workspace/cst336/labs/lab6/addUser.php(40): PDOStatement->execute(Array)
#1 {main}
  thrown in /home/ubuntu/workspace/cst336/labs/lab6/addUser.php on line 40
[25-Oct-2017 20:08:31 UTC] PHP Fatal error:  Uncaught exception 'PDOException' with message 'SQLSTATE[HY093]: Invalid parameter number: parameter was not defined' in /home/ubuntu/workspace/cst336/labs/lab6/addUser.php:40
Stack trace:
#0 /home/ubuntu/workspace/cst336/labs/lab6/addUser.php(40): PDOStatement->execute(Array)
#1 {main}
  thrown in /home/ubuntu/workspace/cst336/labs/lab6/addUser.php on line 40
[25-Oct-2017 20:08:50 UTC] PHP Fatal error:  Uncaught exception 'PDOException' with message 'SQLSTATE[HY093]: Invalid parameter number: parameter was not defined' in /home/ubuntu/workspace/cst336/labs/lab6/addUser.php:40
Stack trace:
#0 /home/ubuntu/workspace/cst336/labs/lab6/addUser.php(40): PDOStatement->execute(Array)
#1 {main}
  thrown in /home/ubuntu/workspace/cst336/labs/lab6/addUser.php on line 40
[25-Oct-2017 20:38:23 UTC] PHP Fatal error:  Call to a member function prepare() on a non-object in /home/ubuntu/workspace/cst336/labs/lab6/updateUser.php on line 66
[25-Oct-2017 20:38:23 UTC] PHP Stack trace:
[25-Oct-2017 20:38:23 UTC] PHP   1. {main}() /home/ubuntu/workspace/cst336/labs/lab6/updateUser.php:0
[25-Oct-2017 20:38:23 UTC] PHP   2. getUserInfo() /home/ubuntu/workspace/cst336/labs/lab6/updateUser.php:81
[25-Oct-2017 20:39:13 UTC] PHP Fatal error:  Call to a member function prepare() on a non-object in /home/ubuntu/workspace/cst336/labs/lab6/updateUser.php on line 66
[25-Oct-2017 20:39:13 UTC] PHP Stack trace:
[25-Oct-2017 20:39:13 UTC] PHP   1. {main}() /home/ubuntu/workspace/cst336/labs/lab6/updateUser.php:0
[25-Oct-2017 20:39:13 UTC] PHP   2. getUserInfo() /home/ubuntu/workspace/cst336/labs/lab6/updateUser.php:81
[25-Oct-2017 20:39:15 UTC] PHP Fatal error:  Call to a member function prepare() on a non-object in /home/ubuntu/workspace/cst336/labs/lab6/updateUser.php on line 66
[25-Oct-2017 20:39:15 UTC] PHP Stack trace:
[25-Oct-2017 20:39:15 UTC] PHP   1. {main}() /home/ubuntu/workspace/cst336/labs/lab6/updateUser.php:0
[25-Oct-2017 20:39:15 UTC] PHP   2. getUserInfo() /home/ubuntu/workspace/cst336/labs/lab6/updateUser.php:81
[25-Oct-2017 20:39:33 UTC] PHP Fatal error:  Call to a member function prepare() on a non-object in /home/ubuntu/workspace/cst336/labs/lab6/updateUser.php on line 66
[25-Oct-2017 20:39:33 UTC] PHP Stack trace:
[25-Oct-2017 20:39:33 UTC] PHP   1. {main}() /home/ubuntu/workspace/cst336/labs/lab6/updateUser.php:0
[25-Oct-2017 20:39:33 UTC] PHP   2. getUserInfo() /home/ubuntu/workspace/cst336/labs/lab6/updateUser.php:81
[25-Oct-2017 20:41:02 UTC] PHP Fatal error:  Call to a member function prepare() on a non-object in /home/ubuntu/workspace/cst336/labs/lab6/updateUser.php on line 66
[25-Oct-2017 20:41:02 UTC] PHP Stack trace:
[25-Oct-2017 20:41:02 UTC] PHP   1. {main}() /home/ubuntu/workspace/cst336/labs/lab6/updateUser.php:0
[25-Oct-2017 20:41:02 UTC] PHP   2. getUserInfo() /home/ubuntu/workspace/cst336/labs/lab6/updateUser.php:82
[25-Oct-2017 20:41:15 UTC] PHP Warning:  Invalid argument supplied for foreach() in /home/ubuntu/workspace/cst336/labs/lab6/updateUser.php on line 71
[25-Oct-2017 20:41:15 UTC] PHP Stack trace:
[25-Oct-2017 20:41:15 UTC] PHP   1. {main}() /home/ubuntu/workspace/cst336/labs/lab6/updateUser.php:0
[25-Oct-2017 20:41:15 UTC] PHP   2. getUserInfo() /home/ubuntu/workspace/cst336/labs/lab6/updateUser.php:82
[27-Oct-2017 19:46:21 UTC] PHP Parse error:  syntax error, unexpected '<' in /home/ubuntu/workspace/cst336/labs/lab6/admin.php on line 70
[27-Oct-2017 19:46:22 UTC] PHP Parse error:  syntax error, unexpected '<' in /home/ubuntu/workspace/cst336/labs/lab6/admin.php on line 70
[27-Oct-2017 20:33:31 UTC] PHP Fatal error:  Call to undefined function sessionstart() in /home/ubuntu/workspace/cst336/labs/lab6/index.php on line 1
[27-Oct-2017 20:33:31 UTC] PHP Stack trace:
[27-Oct-2017 20:33:31 UTC] PHP   1. {main}() /home/ubuntu/workspace/cst336/labs/lab6/index.php:0
[30-Oct-2017 01:48:49 UTC] PHP Parse error:  syntax error, unexpected ':' in /home/ubuntu/workspace/cst336/labs/lab6/updateUser.php on line 105
[30-Oct-2017 02:07:27 UTC] PHP Parse error:  syntax error, unexpected '' (T_ENCAPSED_AND_WHITESPACE), expecting identifier (T_STRING) or variable (T_VARIABLE) or number (T_NUM_STRING) in /home/ubuntu/workspace/cst336/labs/lab6/updateUser.php on line 104
[30-Oct-2017 02:12:16 UTC] PHP Parse error:  syntax error, unexpected '' (T_ENCAPSED_AND_WHITESPACE), expecting identifier (T_STRING) or variable (T_VARIABLE) or number (T_NUM_STRING) in /home/ubuntu/workspace/cst336/labs/lab6/updateUser.php on line 104
[30-Oct-2017 02:12:17 UTC] PHP Parse error:  syntax error, unexpected '' (T_ENCAPSED_AND_WHITESPACE), expecting identifier (T_STRING) or variable (T_VARIABLE) or number (T_NUM_STRING) in /home/ubuntu/workspace/cst336/labs/lab6/updateUser.php on line 104
[30-Oct-2017 02:53:17 UTC] PHP Parse error:  syntax error, unexpected '' (T_ENCAPSED_AND_WHITESPACE), expecting identifier (T_STRING) or variable (T_VARIABLE) or number (T_NUM_STRING) in /home/ubuntu/workspace/cst336/labs/lab6/updateUser.php on line 104
[30-Oct-2017 02:53:43 UTC] PHP Parse error:  syntax error, unexpected '' (T_ENCAPSED_AND_WHITESPACE), expecting identifier (T_STRING) or variable (T_VARIABLE) or number (T_NUM_STRING) in /home/ubuntu/workspace/cst336/labs/lab6/updateUser.php on line 104
[30-Oct-2017 02:53:48 UTC] PHP Parse error:  syntax error, unexpected '' (T_ENCAPSED_AND_WHITESPACE), expecting identifier (T_STRING) or variable (T_VARIABLE) or number (T_NUM_STRING) in /home/ubuntu/workspace/cst336/labs/lab6/updateUser.php on line 104
[30-Oct-2017 03:06:06 UTC] PHP Warning:  Invalid argument supplied for foreach() in /home/ubuntu/workspace/cst336/labs/lab6/updateUser.php on line 103
[30-Oct-2017 03:06:06 UTC] PHP Stack trace:
[30-Oct-2017 03:06:06 UTC] PHP   1. {main}() /home/ubuntu/workspace/cst336/labs/lab6/updateUser.php:0
[29-Nov-2017 21:09:53 UTC] PHP Fatal error:  Call to undefined function getPetList() in /home/ubuntu/workspace/cst336/labs/lab9/adoptions.php on line 8
[29-Nov-2017 21:09:53 UTC] PHP Stack trace:
[29-Nov-2017 21:09:53 UTC] PHP   1. {main}() /home/ubuntu/workspace/cst336/labs/lab9/adoptions.php:0
[29-Nov-2017 21:12:17 UTC] PHP Parse error:  syntax error, unexpected end of file in /home/ubuntu/workspace/cst336/labs/lab9/adoptions.php on line 28
[29-Nov-2017 21:12:27 UTC] PHP Fatal error:  Call to a member function query() on a non-object in /home/ubuntu/workspace/cst336/labs/lab9/adoptions.php on line 8
[29-Nov-2017 21:12:27 UTC] PHP Stack trace:
[29-Nov-2017 21:12:27 UTC] PHP   1. {main}() /home/ubuntu/workspace/cst336/labs/lab9/adoptions.php:0
[29-Nov-2017 21:12:27 UTC] PHP   2. getPetList() /home/ubuntu/workspace/cst336/labs/lab9/adoptions.php:19
[29-Nov-2017 21:13:16 UTC] PHP Fatal error:  Call to a member function query() on a non-object in /home/ubuntu/workspace/cst336/labs/lab9/adoptions.php on line 8
[29-Nov-2017 21:13:16 UTC] PHP Stack trace:
[29-Nov-2017 21:13:16 UTC] PHP   1. {main}() /home/ubuntu/workspace/cst336/labs/lab9/adoptions.php:0
[29-Nov-2017 21:13:16 UTC] PHP   2. getPetList() /home/ubuntu/workspace/cst336/labs/lab9/adoptions.php:19
[29-Nov-2017 21:14:31 UTC] PHP Fatal error:  Call to a member function query() on a non-object in /home/ubuntu/workspace/cst336/labs/lab9/adoptions.php on line 8
[29-Nov-2017 21:14:31 UTC] PHP Stack trace:
[29-Nov-2017 21:14:31 UTC] PHP   1. {main}() /home/ubuntu/workspace/cst336/labs/lab9/adoptions.php:0
[29-Nov-2017 21:14:31 UTC] PHP   2. getPetList() /home/ubuntu/workspace/cst336/labs/lab9/adoptions.php:19
[29-Nov-2017 21:15:05 UTC] PHP Fatal error:  Call to a member function query() on a non-object in /home/ubuntu/workspace/cst336/labs/lab9/adoptions.php on line 8
[29-Nov-2017 21:15:05 UTC] PHP Stack trace:
[29-Nov-2017 21:15:05 UTC] PHP   1. {main}() /home/ubuntu/workspace/cst336/labs/lab9/adoptions.php:0
[29-Nov-2017 21:15:05 UTC] PHP   2. getPetList() /home/ubuntu/workspace/cst336/labs/lab9/adoptions.php:19
[29-Nov-2017 21:16:15 UTC] PHP Warning:  include(../../inc/dbConnection.php): failed to open stream: No such file or directory in /home/ubuntu/workspace/cst336/labs/lab9/api/getPetInfo.php on line 3
[29-Nov-2017 21:16:15 UTC] PHP Stack trace:
[29-Nov-2017 21:16:15 UTC] PHP   1. {main}() /home/ubuntu/workspace/cst336/labs/lab9/adoptions.php:0
[29-Nov-2017 21:16:15 UTC] PHP   2. include() /home/ubuntu/workspace/cst336/labs/lab9/adoptions.php:3
[29-Nov-2017 21:16:15 UTC] PHP Warning:  include(): Failed opening '../../inc/dbConnection.php' for inclusion (include_path='.:/usr/share/php:/usr/share/pear') in /home/ubuntu/workspace/cst336/labs/lab9/api/getPetInfo.php on line 3
[29-Nov-2017 21:16:15 UTC] PHP Stack trace:
[29-Nov-2017 21:16:15 UTC] PHP   1. {main}() /home/ubuntu/workspace/cst336/labs/lab9/adoptions.php:0
[29-Nov-2017 21:16:15 UTC] PHP   2. include() /home/ubuntu/workspace/cst336/labs/lab9/adoptions.php:3
[29-Nov-2017 21:16:15 UTC] PHP Fatal error:  Call to undefined function getDBConnection() in /home/ubuntu/workspace/cst336/labs/lab9/api/getPetInfo.php on line 4
[29-Nov-2017 21:16:15 UTC] PHP Stack trace:
[29-Nov-2017 21:16:15 UTC] PHP   1. {main}() /home/ubuntu/workspace/cst336/labs/lab9/adoptions.php:0
[29-Nov-2017 21:16:15 UTC] PHP   2. include() /home/ubuntu/workspace/cst336/labs/lab9/adoptions.php:3
[29-Nov-2017 21:16:58 UTC] PHP Fatal error:  Uncaught exception 'PDOException' with message 'SQLSTATE[42S02]: Base table or view not found: 1146 Table 'tcp.adoptees' doesn't exist' in /home/ubuntu/workspace/cst336/labs/lab9/adoptions.php:9
Stack trace:
#0 /home/ubuntu/workspace/cst336/labs/lab9/adoptions.php(9): PDO->query('SELECT name, ty...')
#1 /home/ubuntu/workspace/cst336/labs/lab9/adoptions.php(20): getPetList()
#2 {main}
  thrown in /home/ubuntu/workspace/cst336/labs/lab9/adoptions.php on line 9
[29-Nov-2017 21:20:01 UTC] PHP Warning:  Invalid argument supplied for foreach() in /home/ubuntu/workspace/cst336/labs/lab9/adoptions.php on line 24
[29-Nov-2017 21:20:01 UTC] PHP Stack trace:
[29-Nov-2017 21:20:01 UTC] PHP   1. {main}() /home/ubuntu/workspace/cst336/labs/lab9/adoptions.php:0
[29-Nov-2017 21:22:52 UTC] PHP Parse error:  syntax error, unexpected '<' in /home/ubuntu/workspace/cst336/labs/lab9/adoptions.php on line 26
[01-Dec-2017 20:54:58 UTC] PHP Warning:  move_uploaded_file(gallery/otter.jpg): failed to open stream: No such file or directory in /home/ubuntu/workspace/cst336/labs/lab10/index.php on line 5
[01-Dec-2017 20:54:58 UTC] PHP Stack trace:
[01-Dec-2017 20:54:58 UTC] PHP   1. {main}() /home/ubuntu/workspace/cst336/labs/lab10/index.php:0
[01-Dec-2017 20:54:58 UTC] PHP   2. move_uploaded_file() /home/ubuntu/workspace/cst336/labs/lab10/index.php:5
[01-Dec-2017 20:54:58 UTC] PHP Warning:  move_uploaded_file(): Unable to move '/tmp/phpDPmQvK' to 'gallery/otter.jpg' in /home/ubuntu/workspace/cst336/labs/lab10/index.php on line 5
[01-Dec-2017 20:54:58 UTC] PHP Stack trace:
[01-Dec-2017 20:54:58 UTC] PHP   1. {main}() /home/ubuntu/workspace/cst336/labs/lab10/index.php:0
[01-Dec-2017 20:54:58 UTC] PHP   2. move_uploaded_file() /home/ubuntu/workspace/cst336/labs/lab10/index.php:5
[01-Dec-2017 21:01:17 UTC] PHP Parse error:  syntax error, unexpected '&' in /home/ubuntu/workspace/cst336/labs/lab10/index.php on line 7
[01-Dec-2017 21:07:04 UTC] PHP Parse error:  syntax error, unexpected '}', expecting ',' or ';' in /home/ubuntu/workspace/cst336/labs/lab10/index.php on line 10
